INFO - 2024-01-06 04:02:17 --> Session: Class initialized using 'CodeIgniter\Session\Handlers\FileHandler' driver.
WARNING - 2024-01-06 04:02:17 --> [DEPRECATED] Optional parameter $p declared before required parameter $num_record is implicitly treated as a required parameter in APPPATH\Models\Ifunction.php on line 206.
 1 SYSTEMPATH\Autoloader\Autoloader.php(312): include_once('E:\\WEB\\LARAGON\\www\\sabilulungan-ci4\\vendor\\codeigniter4\\framework\\system\\Debug\\Exceptions.php')
 2 SYSTEMPATH\Autoloader\Autoloader.php(291): CodeIgniter\Autoloader\Autoloader->includeFile('E:\\WEB\\LARAGON\\www\\sabilulungan-ci4\\app\\Models\\Ifunction.php')
 3 SYSTEMPATH\Autoloader\Autoloader.php(269): CodeIgniter\Autoloader\Autoloader->loadInNamespace('App\\Models\\Ifunction')
 4 APPPATH\Controllers\Main.php(19): CodeIgniter\Autoloader\Autoloader->loadClass('App\\Models\\Ifunction')
 5 SYSTEMPATH\CodeIgniter.php(914): App\Controllers\Main->__construct()
 6 SYSTEMPATH\CodeIgniter.php(493): CodeIgniter\CodeIgniter->createController()
 7 SYSTEMPATH\CodeIgniter.php(361): CodeIgniter\CodeIgniter->handleRequest(null, Object(Config\Cache), false)
 8 FCPATH\index.php(79): CodeIgniter\CodeIgniter->run()
 9 SYSTEMPATH\Commands\Server\rewrite.php(47): require_once('E:\\WEB\\LARAGON\\www\\sabilulungan-ci4\\public\\index.php')
INFO - 2024-01-06 04:03:10 --> Session: Class initialized using 'CodeIgniter\Session\Handlers\FileHandler' driver.
WARNING - 2024-01-06 04:03:10 --> [DEPRECATED] Optional parameter $p declared before required parameter $num_record is implicitly treated as a required parameter in APPPATH\Models\Ifunction.php on line 206.
 1 SYSTEMPATH\Autoloader\Autoloader.php(312): include_once('E:\\WEB\\LARAGON\\www\\sabilulungan-ci4\\vendor\\codeigniter4\\framework\\system\\Debug\\Exceptions.php')
 2 SYSTEMPATH\Autoloader\Autoloader.php(291): CodeIgniter\Autoloader\Autoloader->includeFile('E:\\WEB\\LARAGON\\www\\sabilulungan-ci4\\app\\Models\\Ifunction.php')
 3 SYSTEMPATH\Autoloader\Autoloader.php(269): CodeIgniter\Autoloader\Autoloader->loadInNamespace('App\\Models\\Ifunction')
 4 APPPATH\Controllers\Main.php(19): CodeIgniter\Autoloader\Autoloader->loadClass('App\\Models\\Ifunction')
 5 SYSTEMPATH\CodeIgniter.php(914): App\Controllers\Main->__construct()
 6 SYSTEMPATH\CodeIgniter.php(493): CodeIgniter\CodeIgniter->createController()
 7 SYSTEMPATH\CodeIgniter.php(361): CodeIgniter\CodeIgniter->handleRequest(null, Object(Config\Cache), false)
 8 FCPATH\index.php(79): CodeIgniter\CodeIgniter->run()
 9 SYSTEMPATH\Commands\Server\rewrite.php(47): require_once('E:\\WEB\\LARAGON\\www\\sabilulungan-ci4\\public\\index.php')
INFO - 2024-01-06 04:06:49 --> Session: Class initialized using 'CodeIgniter\Session\Handlers\FileHandler' driver.
WARNING - 2024-01-06 04:06:49 --> [DEPRECATED] Optional parameter $p declared before required parameter $num_record is implicitly treated as a required parameter in APPPATH\Models\Ifunction.php on line 206.
 1 SYSTEMPATH\Autoloader\Autoloader.php(312): include_once('E:\\WEB\\LARAGON\\www\\sabilulungan-ci4\\vendor\\codeigniter4\\framework\\system\\Debug\\Exceptions.php')
 2 SYSTEMPATH\Autoloader\Autoloader.php(291): CodeIgniter\Autoloader\Autoloader->includeFile('E:\\WEB\\LARAGON\\www\\sabilulungan-ci4\\app\\Models\\Ifunction.php')
 3 SYSTEMPATH\Autoloader\Autoloader.php(269): CodeIgniter\Autoloader\Autoloader->loadInNamespace('App\\Models\\Ifunction')
 4 APPPATH\Controllers\Main.php(19): CodeIgniter\Autoloader\Autoloader->loadClass('App\\Models\\Ifunction')
 5 SYSTEMPATH\CodeIgniter.php(914): App\Controllers\Main->__construct()
 6 SYSTEMPATH\CodeIgniter.php(493): CodeIgniter\CodeIgniter->createController()
 7 SYSTEMPATH\CodeIgniter.php(361): CodeIgniter\CodeIgniter->handleRequest(null, Object(Config\Cache), false)
 8 FCPATH\index.php(79): CodeIgniter\CodeIgniter->run()
 9 SYSTEMPATH\Commands\Server\rewrite.php(47): require_once('E:\\WEB\\LARAGON\\www\\sabilulungan-ci4\\public\\index.php')
INFO - 2024-01-06 04:10:57 --> Session: Class initialized using 'CodeIgniter\Session\Handlers\FileHandler' driver.
WARNING - 2024-01-06 04:10:57 --> [DEPRECATED] Optional parameter $p declared before required parameter $num_record is implicitly treated as a required parameter in APPPATH\Models\Ifunction.php on line 206.
 1 SYSTEMPATH\Autoloader\Autoloader.php(312): include_once('E:\\WEB\\LARAGON\\www\\sabilulungan-ci4\\vendor\\codeigniter4\\framework\\system\\Debug\\Exceptions.php')
 2 SYSTEMPATH\Autoloader\Autoloader.php(291): CodeIgniter\Autoloader\Autoloader->includeFile('E:\\WEB\\LARAGON\\www\\sabilulungan-ci4\\app\\Models\\Ifunction.php')
 3 SYSTEMPATH\Autoloader\Autoloader.php(269): CodeIgniter\Autoloader\Autoloader->loadInNamespace('App\\Models\\Ifunction')
 4 APPPATH\Controllers\Main.php(19): CodeIgniter\Autoloader\Autoloader->loadClass('App\\Models\\Ifunction')
 5 SYSTEMPATH\CodeIgniter.php(914): App\Controllers\Main->__construct()
 6 SYSTEMPATH\CodeIgniter.php(493): CodeIgniter\CodeIgniter->createController()
 7 SYSTEMPATH\CodeIgniter.php(361): CodeIgniter\CodeIgniter->handleRequest(null, Object(Config\Cache), false)
 8 FCPATH\index.php(79): CodeIgniter\CodeIgniter->run()
 9 SYSTEMPATH\Commands\Server\rewrite.php(47): require_once('E:\\WEB\\LARAGON\\www\\sabilulungan-ci4\\public\\index.php')
ERROR - 2024-01-06 04:10:57 --> mysqli_sql_exception: Unknown column 'step' in 'where clause' in E:\WEB\LARAGON\www\sabilulungan-ci4\vendor\codeigniter4\framework\system\Database\MySQLi\Connection.php:306
Stack trace:
#0 E:\WEB\LARAGON\www\sabilulungan-ci4\vendor\codeigniter4\framework\system\Database\MySQLi\Connection.php(306): mysqli->query('SELECT COUNT(*)...', 0)
#1 E:\WEB\LARAGON\www\sabilulungan-ci4\vendor\codeigniter4\framework\system\Database\BaseConnection.php(693): CodeIgniter\Database\MySQLi\Connection->execute('SELECT COUNT(*)...')
#2 E:\WEB\LARAGON\www\sabilulungan-ci4\vendor\codeigniter4\framework\system\Database\BaseConnection.php(607): CodeIgniter\Database\BaseConnection->simpleQuery('SELECT COUNT(*)...')
#3 E:\WEB\LARAGON\www\sabilulungan-ci4\vendor\codeigniter4\framework\system\Database\BaseBuilder.php(1699): CodeIgniter\Database\BaseConnection->query('SELECT COUNT(*)...', Array, false)
#4 E:\WEB\LARAGON\www\sabilulungan-ci4\app\Controllers\Main.php(98): CodeIgniter\Database\BaseBuilder->countAllResults()
#5 E:\WEB\LARAGON\www\sabilulungan-ci4\vendor\codeigniter4\framework\system\CodeIgniter.php(942): App\Controllers\Main->infografis()
#6 E:\WEB\LARAGON\www\sabilulungan-ci4\vendor\codeigniter4\framework\system\CodeIgniter.php(502): CodeIgniter\CodeIgniter->runController(Object(App\Controllers\Main))
#7 E:\WEB\LARAGON\www\sabilulungan-ci4\vendor\codeigniter4\framework\system\CodeIgniter.php(361): CodeIgniter\CodeIgniter->handleRequest(NULL, Object(Config\Cache), false)
#8 E:\WEB\LARAGON\www\sabilulungan-ci4\public\index.php(79): CodeIgniter\CodeIgniter->run()
#9 E:\WEB\LARAGON\www\sabilulungan-ci4\vendor\codeigniter4\framework\system\Commands\Server\rewrite.php(47): require_once('E:\\WEB\\LARAGON\\...')
#10 {main}
CRITICAL - 2024-01-06 04:10:57 --> Unknown column 'step' in 'where clause'
in SYSTEMPATH\Database\BaseConnection.php on line 647.
 1 SYSTEMPATH\Database\BaseBuilder.php(1699): CodeIgniter\Database\BaseConnection->query('SELECT COUNT(*) AS `numrows`
FROM `proposal`
WHERE YEAR(time_entry) = :YEAR(time_entry):
AND `step` = :step:', [...], false)
 2 APPPATH\Controllers\Main.php(98): CodeIgniter\Database\BaseBuilder->countAllResults()
 3 SYSTEMPATH\CodeIgniter.php(942): App\Controllers\Main->infografis()
 4 SYSTEMPATH\CodeIgniter.php(502): CodeIgniter\CodeIgniter->runController(Object(App\Controllers\Main))
 5 SYSTEMPATH\CodeIgniter.php(361): CodeIgniter\CodeIgniter->handleRequest(null, Object(Config\Cache), false)
 6 FCPATH\index.php(79): CodeIgniter\CodeIgniter->run()
 7 SYSTEMPATH\Commands\Server\rewrite.php(47): require_once('E:\\WEB\\LARAGON\\www\\sabilulungan-ci4\\public\\index.php')
INFO - 2024-01-06 04:11:21 --> Session: Class initialized using 'CodeIgniter\Session\Handlers\FileHandler' driver.
WARNING - 2024-01-06 04:11:21 --> [DEPRECATED] Optional parameter $p declared before required parameter $num_record is implicitly treated as a required parameter in APPPATH\Models\Ifunction.php on line 206.
 1 SYSTEMPATH\Autoloader\Autoloader.php(312): include_once('E:\\WEB\\LARAGON\\www\\sabilulungan-ci4\\vendor\\codeigniter4\\framework\\system\\Debug\\Exceptions.php')
 2 SYSTEMPATH\Autoloader\Autoloader.php(291): CodeIgniter\Autoloader\Autoloader->includeFile('E:\\WEB\\LARAGON\\www\\sabilulungan-ci4\\app\\Models\\Ifunction.php')
 3 SYSTEMPATH\Autoloader\Autoloader.php(269): CodeIgniter\Autoloader\Autoloader->loadInNamespace('App\\Models\\Ifunction')
 4 APPPATH\Controllers\Main.php(19): CodeIgniter\Autoloader\Autoloader->loadClass('App\\Models\\Ifunction')
 5 SYSTEMPATH\CodeIgniter.php(914): App\Controllers\Main->__construct()
 6 SYSTEMPATH\CodeIgniter.php(493): CodeIgniter\CodeIgniter->createController()
 7 SYSTEMPATH\CodeIgniter.php(361): CodeIgniter\CodeIgniter->handleRequest(null, Object(Config\Cache), false)
 8 FCPATH\index.php(79): CodeIgniter\CodeIgniter->run()
 9 SYSTEMPATH\Commands\Server\rewrite.php(47): require_once('E:\\WEB\\LARAGON\\www\\sabilulungan-ci4\\public\\index.php')
INFO - 2024-01-06 04:26:26 --> Session: Class initialized using 'CodeIgniter\Session\Handlers\FileHandler' driver.
WARNING - 2024-01-06 04:26:26 --> [DEPRECATED] Optional parameter $p declared before required parameter $num_record is implicitly treated as a required parameter in APPPATH\Models\Ifunction.php on line 206.
 1 SYSTEMPATH\Autoloader\Autoloader.php(312): include_once('E:\\WEB\\LARAGON\\www\\sabilulungan-ci4\\vendor\\codeigniter4\\framework\\system\\Debug\\Exceptions.php')
 2 SYSTEMPATH\Autoloader\Autoloader.php(291): CodeIgniter\Autoloader\Autoloader->includeFile('E:\\WEB\\LARAGON\\www\\sabilulungan-ci4\\app\\Models\\Ifunction.php')
 3 SYSTEMPATH\Autoloader\Autoloader.php(269): CodeIgniter\Autoloader\Autoloader->loadInNamespace('App\\Models\\Ifunction')
 4 APPPATH\Controllers\Main.php(19): CodeIgniter\Autoloader\Autoloader->loadClass('App\\Models\\Ifunction')
 5 SYSTEMPATH\CodeIgniter.php(914): App\Controllers\Main->__construct()
 6 SYSTEMPATH\CodeIgniter.php(493): CodeIgniter\CodeIgniter->createController()
 7 SYSTEMPATH\CodeIgniter.php(361): CodeIgniter\CodeIgniter->handleRequest(null, Object(Config\Cache), false)
 8 FCPATH\index.php(79): CodeIgniter\CodeIgniter->run()
 9 SYSTEMPATH\Commands\Server\rewrite.php(47): require_once('E:\\WEB\\LARAGON\\www\\sabilulungan-ci4\\public\\index.php')
CRITICAL - 2024-01-06 04:26:26 --> Undefined property: CodeIgniter\View\View::$db
in APPPATH\Views\content\dashboard.php on line 270.
 1 APPPATH\Views\content\dashboard.php(270): CodeIgniter\Debug\Exceptions->errorHandler(2, 'Undefined property: CodeIgniter\\View\\View::$db', 'E:\\WEB\\LARAGON\\www\\sabilulungan-ci4\\app\\Views\\content\\dashboard.php', 270)
 2 SYSTEMPATH\View\View.php(228): include('E:\\WEB\\LARAGON\\www\\sabilulungan-ci4\\app\\Views\\content\\dashboard.php')
 3 SYSTEMPATH\View\View.php(231): CodeIgniter\View\View->CodeIgniter\View\{closure}()
 4 SYSTEMPATH\Common.php(1190): CodeIgniter\View\View->render('content/dashboard', [], true)
 5 APPPATH\Controllers\Main.php(127): view('content/dashboard', [...])
 6 SYSTEMPATH\CodeIgniter.php(942): App\Controllers\Main->infografis()
 7 SYSTEMPATH\CodeIgniter.php(502): CodeIgniter\CodeIgniter->runController(Object(App\Controllers\Main))
 8 SYSTEMPATH\CodeIgniter.php(361): CodeIgniter\CodeIgniter->handleRequest(null, Object(Config\Cache), false)
 9 FCPATH\index.php(79): CodeIgniter\CodeIgniter->run()
10 SYSTEMPATH\Commands\Server\rewrite.php(47): require_once('E:\\WEB\\LARAGON\\www\\sabilulungan-ci4\\public\\index.php')
INFO - 2024-01-06 04:26:37 --> Session: Class initialized using 'CodeIgniter\Session\Handlers\FileHandler' driver.
WARNING - 2024-01-06 04:26:37 --> [DEPRECATED] Optional parameter $p declared before required parameter $num_record is implicitly treated as a required parameter in APPPATH\Models\Ifunction.php on line 206.
 1 SYSTEMPATH\Autoloader\Autoloader.php(312): include_once('E:\\WEB\\LARAGON\\www\\sabilulungan-ci4\\vendor\\codeigniter4\\framework\\system\\Debug\\Exceptions.php')
 2 SYSTEMPATH\Autoloader\Autoloader.php(291): CodeIgniter\Autoloader\Autoloader->includeFile('E:\\WEB\\LARAGON\\www\\sabilulungan-ci4\\app\\Models\\Ifunction.php')
 3 SYSTEMPATH\Autoloader\Autoloader.php(269): CodeIgniter\Autoloader\Autoloader->loadInNamespace('App\\Models\\Ifunction')
 4 APPPATH\Controllers\Main.php(19): CodeIgniter\Autoloader\Autoloader->loadClass('App\\Models\\Ifunction')
 5 SYSTEMPATH\CodeIgniter.php(914): App\Controllers\Main->__construct()
 6 SYSTEMPATH\CodeIgniter.php(493): CodeIgniter\CodeIgniter->createController()
 7 SYSTEMPATH\CodeIgniter.php(361): CodeIgniter\CodeIgniter->handleRequest(null, Object(Config\Cache), false)
 8 FCPATH\index.php(79): CodeIgniter\CodeIgniter->run()
 9 SYSTEMPATH\Commands\Server\rewrite.php(47): require_once('E:\\WEB\\LARAGON\\www\\sabilulungan-ci4\\public\\index.php')
INFO - 2024-01-06 04:27:36 --> Session: Class initialized using 'CodeIgniter\Session\Handlers\FileHandler' driver.
WARNING - 2024-01-06 04:27:36 --> [DEPRECATED] Optional parameter $p declared before required parameter $num_record is implicitly treated as a required parameter in APPPATH\Models\Ifunction.php on line 206.
 1 SYSTEMPATH\Autoloader\Autoloader.php(312): include_once('E:\\WEB\\LARAGON\\www\\sabilulungan-ci4\\vendor\\codeigniter4\\framework\\system\\Debug\\Exceptions.php')
 2 SYSTEMPATH\Autoloader\Autoloader.php(291): CodeIgniter\Autoloader\Autoloader->includeFile('E:\\WEB\\LARAGON\\www\\sabilulungan-ci4\\app\\Models\\Ifunction.php')
 3 SYSTEMPATH\Autoloader\Autoloader.php(269): CodeIgniter\Autoloader\Autoloader->loadInNamespace('App\\Models\\Ifunction')
 4 APPPATH\Controllers\Main.php(19): CodeIgniter\Autoloader\Autoloader->loadClass('App\\Models\\Ifunction')
 5 SYSTEMPATH\CodeIgniter.php(914): App\Controllers\Main->__construct()
 6 SYSTEMPATH\CodeIgniter.php(493): CodeIgniter\CodeIgniter->createController()
 7 SYSTEMPATH\CodeIgniter.php(361): CodeIgniter\CodeIgniter->handleRequest(null, Object(Config\Cache), false)
 8 FCPATH\index.php(79): CodeIgniter\CodeIgniter->run()
 9 SYSTEMPATH\Commands\Server\rewrite.php(47): require_once('E:\\WEB\\LARAGON\\www\\sabilulungan-ci4\\public\\index.php')
INFO - 2024-01-06 04:34:23 --> Session: Class initialized using 'CodeIgniter\Session\Handlers\FileHandler' driver.
WARNING - 2024-01-06 04:34:23 --> [DEPRECATED] Optional parameter $p declared before required parameter $num_record is implicitly treated as a required parameter in APPPATH\Models\Ifunction.php on line 206.
 1 SYSTEMPATH\Autoloader\Autoloader.php(312): include_once('E:\\WEB\\LARAGON\\www\\sabilulungan-ci4\\vendor\\codeigniter4\\framework\\system\\Debug\\Exceptions.php')
 2 SYSTEMPATH\Autoloader\Autoloader.php(291): CodeIgniter\Autoloader\Autoloader->includeFile('E:\\WEB\\LARAGON\\www\\sabilulungan-ci4\\app\\Models\\Ifunction.php')
 3 SYSTEMPATH\Autoloader\Autoloader.php(269): CodeIgniter\Autoloader\Autoloader->loadInNamespace('App\\Models\\Ifunction')
 4 APPPATH\Controllers\Main.php(19): CodeIgniter\Autoloader\Autoloader->loadClass('App\\Models\\Ifunction')
 5 SYSTEMPATH\CodeIgniter.php(914): App\Controllers\Main->__construct()
 6 SYSTEMPATH\CodeIgniter.php(493): CodeIgniter\CodeIgniter->createController()
 7 SYSTEMPATH\CodeIgniter.php(361): CodeIgniter\CodeIgniter->handleRequest(null, Object(Config\Cache), false)
 8 FCPATH\index.php(79): CodeIgniter\CodeIgniter->run()
 9 SYSTEMPATH\Commands\Server\rewrite.php(47): require_once('E:\\WEB\\LARAGON\\www\\sabilulungan-ci4\\public\\index.php')
CRITICAL - 2024-01-06 04:34:23 --> Undefined variable $color
in APPPATH\Views\content\dashboard.php on line 311.
 1 APPPATH\Views\content\dashboard.php(311): CodeIgniter\Debug\Exceptions->errorHandler(2, 'Undefined variable $color', 'E:\\WEB\\LARAGON\\www\\sabilulungan-ci4\\app\\Views\\content\\dashboard.php', 311)
 2 SYSTEMPATH\View\View.php(228): include('E:\\WEB\\LARAGON\\www\\sabilulungan-ci4\\app\\Views\\content\\dashboard.php')
 3 SYSTEMPATH\View\View.php(231): CodeIgniter\View\View->CodeIgniter\View\{closure}()
 4 SYSTEMPATH\Common.php(1190): CodeIgniter\View\View->render('content/dashboard', [], true)
 5 APPPATH\Controllers\Main.php(135): view('content/dashboard', [...])
 6 SYSTEMPATH\CodeIgniter.php(942): App\Controllers\Main->infografis()
 7 SYSTEMPATH\CodeIgniter.php(502): CodeIgniter\CodeIgniter->runController(Object(App\Controllers\Main))
 8 SYSTEMPATH\CodeIgniter.php(361): CodeIgniter\CodeIgniter->handleRequest(null, Object(Config\Cache), false)
 9 FCPATH\index.php(79): CodeIgniter\CodeIgniter->run()
10 SYSTEMPATH\Commands\Server\rewrite.php(47): require_once('E:\\WEB\\LARAGON\\www\\sabilulungan-ci4\\public\\index.php')
INFO - 2024-01-06 04:34:41 --> Session: Class initialized using 'CodeIgniter\Session\Handlers\FileHandler' driver.
WARNING - 2024-01-06 04:34:41 --> [DEPRECATED] Optional parameter $p declared before required parameter $num_record is implicitly treated as a required parameter in APPPATH\Models\Ifunction.php on line 206.
 1 SYSTEMPATH\Autoloader\Autoloader.php(312): include_once('E:\\WEB\\LARAGON\\www\\sabilulungan-ci4\\vendor\\codeigniter4\\framework\\system\\Debug\\Exceptions.php')
 2 SYSTEMPATH\Autoloader\Autoloader.php(291): CodeIgniter\Autoloader\Autoloader->includeFile('E:\\WEB\\LARAGON\\www\\sabilulungan-ci4\\app\\Models\\Ifunction.php')
 3 SYSTEMPATH\Autoloader\Autoloader.php(269): CodeIgniter\Autoloader\Autoloader->loadInNamespace('App\\Models\\Ifunction')
 4 APPPATH\Controllers\Main.php(19): CodeIgniter\Autoloader\Autoloader->loadClass('App\\Models\\Ifunction')
 5 SYSTEMPATH\CodeIgniter.php(914): App\Controllers\Main->__construct()
 6 SYSTEMPATH\CodeIgniter.php(493): CodeIgniter\CodeIgniter->createController()
 7 SYSTEMPATH\CodeIgniter.php(361): CodeIgniter\CodeIgniter->handleRequest(null, Object(Config\Cache), false)
 8 FCPATH\index.php(79): CodeIgniter\CodeIgniter->run()
 9 SYSTEMPATH\Commands\Server\rewrite.php(47): require_once('E:\\WEB\\LARAGON\\www\\sabilulungan-ci4\\public\\index.php')
INFO - 2024-01-06 04:37:37 --> Session: Class initialized using 'CodeIgniter\Session\Handlers\FileHandler' driver.
WARNING - 2024-01-06 04:37:37 --> [DEPRECATED] Optional parameter $p declared before required parameter $num_record is implicitly treated as a required parameter in APPPATH\Models\Ifunction.php on line 206.
 1 SYSTEMPATH\Autoloader\Autoloader.php(312): include_once('E:\\WEB\\LARAGON\\www\\sabilulungan-ci4\\vendor\\codeigniter4\\framework\\system\\Debug\\Exceptions.php')
 2 SYSTEMPATH\Autoloader\Autoloader.php(291): CodeIgniter\Autoloader\Autoloader->includeFile('E:\\WEB\\LARAGON\\www\\sabilulungan-ci4\\app\\Models\\Ifunction.php')
 3 SYSTEMPATH\Autoloader\Autoloader.php(269): CodeIgniter\Autoloader\Autoloader->loadInNamespace('App\\Models\\Ifunction')
 4 APPPATH\Controllers\Main.php(19): CodeIgniter\Autoloader\Autoloader->loadClass('App\\Models\\Ifunction')
 5 SYSTEMPATH\CodeIgniter.php(914): App\Controllers\Main->__construct()
 6 SYSTEMPATH\CodeIgniter.php(493): CodeIgniter\CodeIgniter->createController()
 7 SYSTEMPATH\CodeIgniter.php(361): CodeIgniter\CodeIgniter->handleRequest(null, Object(Config\Cache), false)
 8 FCPATH\index.php(79): CodeIgniter\CodeIgniter->run()
 9 SYSTEMPATH\Commands\Server\rewrite.php(47): require_once('E:\\WEB\\LARAGON\\www\\sabilulungan-ci4\\public\\index.php')
INFO - 2024-01-06 04:49:26 --> Session: Class initialized using 'CodeIgniter\Session\Handlers\FileHandler' driver.
WARNING - 2024-01-06 04:49:26 --> [DEPRECATED] Optional parameter $p declared before required parameter $num_record is implicitly treated as a required parameter in APPPATH\Models\Ifunction.php on line 206.
 1 SYSTEMPATH\Autoloader\Autoloader.php(312): include_once('E:\\WEB\\LARAGON\\www\\sabilulungan-ci4\\vendor\\codeigniter4\\framework\\system\\Debug\\Exceptions.php')
 2 SYSTEMPATH\Autoloader\Autoloader.php(291): CodeIgniter\Autoloader\Autoloader->includeFile('E:\\WEB\\LARAGON\\www\\sabilulungan-ci4\\app\\Models\\Ifunction.php')
 3 SYSTEMPATH\Autoloader\Autoloader.php(269): CodeIgniter\Autoloader\Autoloader->loadInNamespace('App\\Models\\Ifunction')
 4 APPPATH\Controllers\Main.php(19): CodeIgniter\Autoloader\Autoloader->loadClass('App\\Models\\Ifunction')
 5 SYSTEMPATH\CodeIgniter.php(914): App\Controllers\Main->__construct()
 6 SYSTEMPATH\CodeIgniter.php(493): CodeIgniter\CodeIgniter->createController()
 7 SYSTEMPATH\CodeIgniter.php(361): CodeIgniter\CodeIgniter->handleRequest(null, Object(Config\Cache), false)
 8 FCPATH\index.php(79): CodeIgniter\CodeIgniter->run()
 9 SYSTEMPATH\Commands\Server\rewrite.php(47): require_once('E:\\WEB\\LARAGON\\www\\sabilulungan-ci4\\public\\index.php')
INFO - 2024-01-06 04:53:02 --> Session: Class initialized using 'CodeIgniter\Session\Handlers\FileHandler' driver.
WARNING - 2024-01-06 04:53:02 --> [DEPRECATED] Optional parameter $p declared before required parameter $num_record is implicitly treated as a required parameter in APPPATH\Models\Ifunction.php on line 206.
 1 SYSTEMPATH\Autoloader\Autoloader.php(312): include_once('E:\\WEB\\LARAGON\\www\\sabilulungan-ci4\\vendor\\codeigniter4\\framework\\system\\Debug\\Exceptions.php')
 2 SYSTEMPATH\Autoloader\Autoloader.php(291): CodeIgniter\Autoloader\Autoloader->includeFile('E:\\WEB\\LARAGON\\www\\sabilulungan-ci4\\app\\Models\\Ifunction.php')
 3 SYSTEMPATH\Autoloader\Autoloader.php(269): CodeIgniter\Autoloader\Autoloader->loadInNamespace('App\\Models\\Ifunction')
 4 APPPATH\Controllers\Main.php(19): CodeIgniter\Autoloader\Autoloader->loadClass('App\\Models\\Ifunction')
 5 SYSTEMPATH\CodeIgniter.php(914): App\Controllers\Main->__construct()
 6 SYSTEMPATH\CodeIgniter.php(493): CodeIgniter\CodeIgniter->createController()
 7 SYSTEMPATH\CodeIgniter.php(361): CodeIgniter\CodeIgniter->handleRequest(null, Object(Config\Cache), false)
 8 FCPATH\index.php(79): CodeIgniter\CodeIgniter->run()
 9 SYSTEMPATH\Commands\Server\rewrite.php(47): require_once('E:\\WEB\\LARAGON\\www\\sabilulungan-ci4\\public\\index.php')
INFO - 2024-01-06 04:54:45 --> Session: Class initialized using 'CodeIgniter\Session\Handlers\FileHandler' driver.
WARNING - 2024-01-06 04:54:45 --> [DEPRECATED] Optional parameter $p declared before required parameter $num_record is implicitly treated as a required parameter in APPPATH\Models\Ifunction.php on line 206.
 1 SYSTEMPATH\Autoloader\Autoloader.php(312): include_once('E:\\WEB\\LARAGON\\www\\sabilulungan-ci4\\vendor\\codeigniter4\\framework\\system\\Debug\\Exceptions.php')
 2 SYSTEMPATH\Autoloader\Autoloader.php(291): CodeIgniter\Autoloader\Autoloader->includeFile('E:\\WEB\\LARAGON\\www\\sabilulungan-ci4\\app\\Models\\Ifunction.php')
 3 SYSTEMPATH\Autoloader\Autoloader.php(269): CodeIgniter\Autoloader\Autoloader->loadInNamespace('App\\Models\\Ifunction')
 4 APPPATH\Controllers\Main.php(19): CodeIgniter\Autoloader\Autoloader->loadClass('App\\Models\\Ifunction')
 5 SYSTEMPATH\CodeIgniter.php(914): App\Controllers\Main->__construct()
 6 SYSTEMPATH\CodeIgniter.php(493): CodeIgniter\CodeIgniter->createController()
 7 SYSTEMPATH\CodeIgniter.php(361): CodeIgniter\CodeIgniter->handleRequest(null, Object(Config\Cache), false)
 8 FCPATH\index.php(79): CodeIgniter\CodeIgniter->run()
 9 SYSTEMPATH\Commands\Server\rewrite.php(47): require_once('E:\\WEB\\LARAGON\\www\\sabilulungan-ci4\\public\\index.php')
INFO - 2024-01-06 05:09:54 --> Session: Class initialized using 'CodeIgniter\Session\Handlers\FileHandler' driver.
WARNING - 2024-01-06 05:09:54 --> [DEPRECATED] Optional parameter $p declared before required parameter $num_record is implicitly treated as a required parameter in APPPATH\Models\Ifunction.php on line 206.
 1 SYSTEMPATH\Autoloader\Autoloader.php(312): include_once('E:\\WEB\\LARAGON\\www\\sabilulungan-ci4\\vendor\\codeigniter4\\framework\\system\\Debug\\Exceptions.php')
 2 SYSTEMPATH\Autoloader\Autoloader.php(291): CodeIgniter\Autoloader\Autoloader->includeFile('E:\\WEB\\LARAGON\\www\\sabilulungan-ci4\\app\\Models\\Ifunction.php')
 3 SYSTEMPATH\Autoloader\Autoloader.php(269): CodeIgniter\Autoloader\Autoloader->loadInNamespace('App\\Models\\Ifunction')
 4 APPPATH\Controllers\Main.php(19): CodeIgniter\Autoloader\Autoloader->loadClass('App\\Models\\Ifunction')
 5 SYSTEMPATH\CodeIgniter.php(914): App\Controllers\Main->__construct()
 6 SYSTEMPATH\CodeIgniter.php(493): CodeIgniter\CodeIgniter->createController()
 7 SYSTEMPATH\CodeIgniter.php(361): CodeIgniter\CodeIgniter->handleRequest(null, Object(Config\Cache), false)
 8 FCPATH\index.php(79): CodeIgniter\CodeIgniter->run()
 9 SYSTEMPATH\Commands\Server\rewrite.php(47): require_once('E:\\WEB\\LARAGON\\www\\sabilulungan-ci4\\public\\index.php')
INFO - 2024-01-06 05:10:07 --> Session: Class initialized using 'CodeIgniter\Session\Handlers\FileHandler' driver.
WARNING - 2024-01-06 05:10:07 --> [DEPRECATED] Optional parameter $p declared before required parameter $num_record is implicitly treated as a required parameter in APPPATH\Models\Ifunction.php on line 206.
 1 SYSTEMPATH\Autoloader\Autoloader.php(312): include_once('E:\\WEB\\LARAGON\\www\\sabilulungan-ci4\\vendor\\codeigniter4\\framework\\system\\Debug\\Exceptions.php')
 2 SYSTEMPATH\Autoloader\Autoloader.php(291): CodeIgniter\Autoloader\Autoloader->includeFile('E:\\WEB\\LARAGON\\www\\sabilulungan-ci4\\app\\Models\\Ifunction.php')
 3 SYSTEMPATH\Autoloader\Autoloader.php(269): CodeIgniter\Autoloader\Autoloader->loadInNamespace('App\\Models\\Ifunction')
 4 APPPATH\Controllers\Main.php(19): CodeIgniter\Autoloader\Autoloader->loadClass('App\\Models\\Ifunction')
 5 SYSTEMPATH\CodeIgniter.php(914): App\Controllers\Main->__construct()
 6 SYSTEMPATH\CodeIgniter.php(493): CodeIgniter\CodeIgniter->createController()
 7 SYSTEMPATH\CodeIgniter.php(361): CodeIgniter\CodeIgniter->handleRequest(null, Object(Config\Cache), false)
 8 FCPATH\index.php(79): CodeIgniter\CodeIgniter->run()
 9 SYSTEMPATH\Commands\Server\rewrite.php(47): require_once('E:\\WEB\\LARAGON\\www\\sabilulungan-ci4\\public\\index.php')
INFO - 2024-01-06 05:27:15 --> Session: Class initialized using 'CodeIgniter\Session\Handlers\FileHandler' driver.
WARNING - 2024-01-06 05:27:15 --> [DEPRECATED] Optional parameter $p declared before required parameter $num_record is implicitly treated as a required parameter in APPPATH\Models\Ifunction.php on line 206.
 1 SYSTEMPATH\Autoloader\Autoloader.php(312): include_once('E:\\WEB\\LARAGON\\www\\sabilulungan-ci4\\vendor\\codeigniter4\\framework\\system\\Debug\\Exceptions.php')
 2 SYSTEMPATH\Autoloader\Autoloader.php(291): CodeIgniter\Autoloader\Autoloader->includeFile('E:\\WEB\\LARAGON\\www\\sabilulungan-ci4\\app\\Models\\Ifunction.php')
 3 SYSTEMPATH\Autoloader\Autoloader.php(269): CodeIgniter\Autoloader\Autoloader->loadInNamespace('App\\Models\\Ifunction')
 4 APPPATH\Controllers\Main.php(19): CodeIgniter\Autoloader\Autoloader->loadClass('App\\Models\\Ifunction')
 5 SYSTEMPATH\CodeIgniter.php(914): App\Controllers\Main->__construct()
 6 SYSTEMPATH\CodeIgniter.php(493): CodeIgniter\CodeIgniter->createController()
 7 SYSTEMPATH\CodeIgniter.php(361): CodeIgniter\CodeIgniter->handleRequest(null, Object(Config\Cache), false)
 8 FCPATH\index.php(79): CodeIgniter\CodeIgniter->run()
 9 SYSTEMPATH\Commands\Server\rewrite.php(47): require_once('E:\\WEB\\LARAGON\\www\\sabilulungan-ci4\\public\\index.php')
CRITICAL - 2024-01-06 05:27:15 --> Array to string conversion
in APPPATH\Views\content\dashboard.php on line 75.
 1 APPPATH\Views\content\dashboard.php(75): CodeIgniter\Debug\Exceptions->errorHandler(2, 'Array to string conversion', 'E:\\WEB\\LARAGON\\www\\sabilulungan-ci4\\app\\Views\\content\\dashboard.php', 75)
 2 SYSTEMPATH\View\View.php(228): include('E:\\WEB\\LARAGON\\www\\sabilulungan-ci4\\app\\Views\\content\\dashboard.php')
 3 SYSTEMPATH\View\View.php(231): CodeIgniter\View\View->CodeIgniter\View\{closure}()
 4 SYSTEMPATH\Common.php(1190): CodeIgniter\View\View->render('content/dashboard', [], true)
 5 APPPATH\Controllers\Main.php(173): view('content/dashboard', [...])
 6 SYSTEMPATH\CodeIgniter.php(942): App\Controllers\Main->infografis()
 7 SYSTEMPATH\CodeIgniter.php(502): CodeIgniter\CodeIgniter->runController(Object(App\Controllers\Main))
 8 SYSTEMPATH\CodeIgniter.php(361): CodeIgniter\CodeIgniter->handleRequest(null, Object(Config\Cache), false)
 9 FCPATH\index.php(79): CodeIgniter\CodeIgniter->run()
10 SYSTEMPATH\Commands\Server\rewrite.php(47): require_once('E:\\WEB\\LARAGON\\www\\sabilulungan-ci4\\public\\index.php')
INFO - 2024-01-06 05:27:51 --> Session: Class initialized using 'CodeIgniter\Session\Handlers\FileHandler' driver.
WARNING - 2024-01-06 05:27:51 --> [DEPRECATED] Optional parameter $p declared before required parameter $num_record is implicitly treated as a required parameter in APPPATH\Models\Ifunction.php on line 206.
 1 SYSTEMPATH\Autoloader\Autoloader.php(312): include_once('E:\\WEB\\LARAGON\\www\\sabilulungan-ci4\\vendor\\codeigniter4\\framework\\system\\Debug\\Exceptions.php')
 2 SYSTEMPATH\Autoloader\Autoloader.php(291): CodeIgniter\Autoloader\Autoloader->includeFile('E:\\WEB\\LARAGON\\www\\sabilulungan-ci4\\app\\Models\\Ifunction.php')
 3 SYSTEMPATH\Autoloader\Autoloader.php(269): CodeIgniter\Autoloader\Autoloader->loadInNamespace('App\\Models\\Ifunction')
 4 APPPATH\Controllers\Main.php(19): CodeIgniter\Autoloader\Autoloader->loadClass('App\\Models\\Ifunction')
 5 SYSTEMPATH\CodeIgniter.php(914): App\Controllers\Main->__construct()
 6 SYSTEMPATH\CodeIgniter.php(493): CodeIgniter\CodeIgniter->createController()
 7 SYSTEMPATH\CodeIgniter.php(361): CodeIgniter\CodeIgniter->handleRequest(null, Object(Config\Cache), false)
 8 FCPATH\index.php(79): CodeIgniter\CodeIgniter->run()
 9 SYSTEMPATH\Commands\Server\rewrite.php(47): require_once('E:\\WEB\\LARAGON\\www\\sabilulungan-ci4\\public\\index.php')
INFO - 2024-01-06 05:28:55 --> Session: Class initialized using 'CodeIgniter\Session\Handlers\FileHandler' driver.
WARNING - 2024-01-06 05:28:55 --> [DEPRECATED] Optional parameter $p declared before required parameter $num_record is implicitly treated as a required parameter in APPPATH\Models\Ifunction.php on line 206.
 1 SYSTEMPATH\Autoloader\Autoloader.php(312): include_once('E:\\WEB\\LARAGON\\www\\sabilulungan-ci4\\vendor\\codeigniter4\\framework\\system\\Debug\\Exceptions.php')
 2 SYSTEMPATH\Autoloader\Autoloader.php(291): CodeIgniter\Autoloader\Autoloader->includeFile('E:\\WEB\\LARAGON\\www\\sabilulungan-ci4\\app\\Models\\Ifunction.php')
 3 SYSTEMPATH\Autoloader\Autoloader.php(269): CodeIgniter\Autoloader\Autoloader->loadInNamespace('App\\Models\\Ifunction')
 4 APPPATH\Controllers\Main.php(19): CodeIgniter\Autoloader\Autoloader->loadClass('App\\Models\\Ifunction')
 5 SYSTEMPATH\CodeIgniter.php(914): App\Controllers\Main->__construct()
 6 SYSTEMPATH\CodeIgniter.php(493): CodeIgniter\CodeIgniter->createController()
 7 SYSTEMPATH\CodeIgniter.php(361): CodeIgniter\CodeIgniter->handleRequest(null, Object(Config\Cache), false)
 8 FCPATH\index.php(79): CodeIgniter\CodeIgniter->run()
 9 SYSTEMPATH\Commands\Server\rewrite.php(47): require_once('E:\\WEB\\LARAGON\\www\\sabilulungan-ci4\\public\\index.php')
INFO - 2024-01-06 05:31:30 --> Session: Class initialized using 'CodeIgniter\Session\Handlers\FileHandler' driver.
WARNING - 2024-01-06 05:31:30 --> [DEPRECATED] Optional parameter $p declared before required parameter $num_record is implicitly treated as a required parameter in APPPATH\Models\Ifunction.php on line 206.
 1 SYSTEMPATH\Autoloader\Autoloader.php(312): include_once('E:\\WEB\\LARAGON\\www\\sabilulungan-ci4\\vendor\\codeigniter4\\framework\\system\\Debug\\Exceptions.php')
 2 SYSTEMPATH\Autoloader\Autoloader.php(291): CodeIgniter\Autoloader\Autoloader->includeFile('E:\\WEB\\LARAGON\\www\\sabilulungan-ci4\\app\\Models\\Ifunction.php')
 3 SYSTEMPATH\Autoloader\Autoloader.php(269): CodeIgniter\Autoloader\Autoloader->loadInNamespace('App\\Models\\Ifunction')
 4 APPPATH\Controllers\Main.php(19): CodeIgniter\Autoloader\Autoloader->loadClass('App\\Models\\Ifunction')
 5 SYSTEMPATH\CodeIgniter.php(914): App\Controllers\Main->__construct()
 6 SYSTEMPATH\CodeIgniter.php(493): CodeIgniter\CodeIgniter->createController()
 7 SYSTEMPATH\CodeIgniter.php(361): CodeIgniter\CodeIgniter->handleRequest(null, Object(Config\Cache), false)
 8 FCPATH\index.php(79): CodeIgniter\CodeIgniter->run()
 9 SYSTEMPATH\Commands\Server\rewrite.php(47): require_once('E:\\WEB\\LARAGON\\www\\sabilulungan-ci4\\public\\index.php')
INFO - 2024-01-06 05:31:56 --> Session: Class initialized using 'CodeIgniter\Session\Handlers\FileHandler' driver.
WARNING - 2024-01-06 05:31:56 --> [DEPRECATED] Optional parameter $p declared before required parameter $num_record is implicitly treated as a required parameter in APPPATH\Models\Ifunction.php on line 206.
 1 SYSTEMPATH\Autoloader\Autoloader.php(312): include_once('E:\\WEB\\LARAGON\\www\\sabilulungan-ci4\\vendor\\codeigniter4\\framework\\system\\Debug\\Exceptions.php')
 2 SYSTEMPATH\Autoloader\Autoloader.php(291): CodeIgniter\Autoloader\Autoloader->includeFile('E:\\WEB\\LARAGON\\www\\sabilulungan-ci4\\app\\Models\\Ifunction.php')
 3 SYSTEMPATH\Autoloader\Autoloader.php(269): CodeIgniter\Autoloader\Autoloader->loadInNamespace('App\\Models\\Ifunction')
 4 APPPATH\Controllers\Main.php(19): CodeIgniter\Autoloader\Autoloader->loadClass('App\\Models\\Ifunction')
 5 SYSTEMPATH\CodeIgniter.php(914): App\Controllers\Main->__construct()
 6 SYSTEMPATH\CodeIgniter.php(493): CodeIgniter\CodeIgniter->createController()
 7 SYSTEMPATH\CodeIgniter.php(361): CodeIgniter\CodeIgniter->handleRequest(null, Object(Config\Cache), false)
 8 FCPATH\index.php(79): CodeIgniter\CodeIgniter->run()
 9 SYSTEMPATH\Commands\Server\rewrite.php(47): require_once('E:\\WEB\\LARAGON\\www\\sabilulungan-ci4\\public\\index.php')
INFO - 2024-01-06 05:32:08 --> Session: Class initialized using 'CodeIgniter\Session\Handlers\FileHandler' driver.
WARNING - 2024-01-06 05:32:08 --> [DEPRECATED] Optional parameter $p declared before required parameter $num_record is implicitly treated as a required parameter in APPPATH\Models\Ifunction.php on line 206.
 1 SYSTEMPATH\Autoloader\Autoloader.php(312): include_once('E:\\WEB\\LARAGON\\www\\sabilulungan-ci4\\vendor\\codeigniter4\\framework\\system\\Debug\\Exceptions.php')
 2 SYSTEMPATH\Autoloader\Autoloader.php(291): CodeIgniter\Autoloader\Autoloader->includeFile('E:\\WEB\\LARAGON\\www\\sabilulungan-ci4\\app\\Models\\Ifunction.php')
 3 SYSTEMPATH\Autoloader\Autoloader.php(269): CodeIgniter\Autoloader\Autoloader->loadInNamespace('App\\Models\\Ifunction')
 4 APPPATH\Controllers\Main.php(19): CodeIgniter\Autoloader\Autoloader->loadClass('App\\Models\\Ifunction')
 5 SYSTEMPATH\CodeIgniter.php(914): App\Controllers\Main->__construct()
 6 SYSTEMPATH\CodeIgniter.php(493): CodeIgniter\CodeIgniter->createController()
 7 SYSTEMPATH\CodeIgniter.php(361): CodeIgniter\CodeIgniter->handleRequest(null, Object(Config\Cache), false)
 8 FCPATH\index.php(79): CodeIgniter\CodeIgniter->run()
 9 SYSTEMPATH\Commands\Server\rewrite.php(47): require_once('E:\\WEB\\LARAGON\\www\\sabilulungan-ci4\\public\\index.php')
INFO - 2024-01-06 05:32:14 --> Session: Class initialized using 'CodeIgniter\Session\Handlers\FileHandler' driver.
WARNING - 2024-01-06 05:32:14 --> [DEPRECATED] Optional parameter $p declared before required parameter $num_record is implicitly treated as a required parameter in APPPATH\Models\Ifunction.php on line 206.
 1 SYSTEMPATH\Autoloader\Autoloader.php(312): include_once('E:\\WEB\\LARAGON\\www\\sabilulungan-ci4\\vendor\\codeigniter4\\framework\\system\\Debug\\Exceptions.php')
 2 SYSTEMPATH\Autoloader\Autoloader.php(291): CodeIgniter\Autoloader\Autoloader->includeFile('E:\\WEB\\LARAGON\\www\\sabilulungan-ci4\\app\\Models\\Ifunction.php')
 3 SYSTEMPATH\Autoloader\Autoloader.php(269): CodeIgniter\Autoloader\Autoloader->loadInNamespace('App\\Models\\Ifunction')
 4 APPPATH\Controllers\Main.php(19): CodeIgniter\Autoloader\Autoloader->loadClass('App\\Models\\Ifunction')
 5 SYSTEMPATH\CodeIgniter.php(914): App\Controllers\Main->__construct()
 6 SYSTEMPATH\CodeIgniter.php(493): CodeIgniter\CodeIgniter->createController()
 7 SYSTEMPATH\CodeIgniter.php(361): CodeIgniter\CodeIgniter->handleRequest(null, Object(Config\Cache), false)
 8 FCPATH\index.php(79): CodeIgniter\CodeIgniter->run()
 9 SYSTEMPATH\Commands\Server\rewrite.php(47): require_once('E:\\WEB\\LARAGON\\www\\sabilulungan-ci4\\public\\index.php')
CRITICAL - 2024-01-06 05:32:14 --> Undefined variable $persen
in APPPATH\Controllers\Main.php on line 175.
 1 APPPATH\Controllers\Main.php(175): CodeIgniter\Debug\Exceptions->errorHandler(2, 'Undefined variable $persen', 'E:\\WEB\\LARAGON\\www\\sabilulungan-ci4\\app\\Controllers\\Main.php', 175)
 2 SYSTEMPATH\CodeIgniter.php(942): App\Controllers\Main->infografis()
 3 SYSTEMPATH\CodeIgniter.php(502): CodeIgniter\CodeIgniter->runController(Object(App\Controllers\Main))
 4 SYSTEMPATH\CodeIgniter.php(361): CodeIgniter\CodeIgniter->handleRequest(null, Object(Config\Cache), false)
 5 FCPATH\index.php(79): CodeIgniter\CodeIgniter->run()
 6 SYSTEMPATH\Commands\Server\rewrite.php(47): require_once('E:\\WEB\\LARAGON\\www\\sabilulungan-ci4\\public\\index.php')
INFO - 2024-01-06 05:32:21 --> Session: Class initialized using 'CodeIgniter\Session\Handlers\FileHandler' driver.
WARNING - 2024-01-06 05:32:21 --> [DEPRECATED] Optional parameter $p declared before required parameter $num_record is implicitly treated as a required parameter in APPPATH\Models\Ifunction.php on line 206.
 1 SYSTEMPATH\Autoloader\Autoloader.php(312): include_once('E:\\WEB\\LARAGON\\www\\sabilulungan-ci4\\vendor\\codeigniter4\\framework\\system\\Debug\\Exceptions.php')
 2 SYSTEMPATH\Autoloader\Autoloader.php(291): CodeIgniter\Autoloader\Autoloader->includeFile('E:\\WEB\\LARAGON\\www\\sabilulungan-ci4\\app\\Models\\Ifunction.php')
 3 SYSTEMPATH\Autoloader\Autoloader.php(269): CodeIgniter\Autoloader\Autoloader->loadInNamespace('App\\Models\\Ifunction')
 4 APPPATH\Controllers\Main.php(19): CodeIgniter\Autoloader\Autoloader->loadClass('App\\Models\\Ifunction')
 5 SYSTEMPATH\CodeIgniter.php(914): App\Controllers\Main->__construct()
 6 SYSTEMPATH\CodeIgniter.php(493): CodeIgniter\CodeIgniter->createController()
 7 SYSTEMPATH\CodeIgniter.php(361): CodeIgniter\CodeIgniter->handleRequest(null, Object(Config\Cache), false)
 8 FCPATH\index.php(79): CodeIgniter\CodeIgniter->run()
 9 SYSTEMPATH\Commands\Server\rewrite.php(47): require_once('E:\\WEB\\LARAGON\\www\\sabilulungan-ci4\\public\\index.php')
INFO - 2024-01-06 05:35:33 --> Session: Class initialized using 'CodeIgniter\Session\Handlers\FileHandler' driver.
WARNING - 2024-01-06 05:35:33 --> [DEPRECATED] Optional parameter $p declared before required parameter $num_record is implicitly treated as a required parameter in APPPATH\Models\Ifunction.php on line 206.
 1 SYSTEMPATH\Autoloader\Autoloader.php(312): include_once('E:\\WEB\\LARAGON\\www\\sabilulungan-ci4\\vendor\\codeigniter4\\framework\\system\\Debug\\Exceptions.php')
 2 SYSTEMPATH\Autoloader\Autoloader.php(291): CodeIgniter\Autoloader\Autoloader->includeFile('E:\\WEB\\LARAGON\\www\\sabilulungan-ci4\\app\\Models\\Ifunction.php')
 3 SYSTEMPATH\Autoloader\Autoloader.php(269): CodeIgniter\Autoloader\Autoloader->loadInNamespace('App\\Models\\Ifunction')
 4 APPPATH\Controllers\Main.php(19): CodeIgniter\Autoloader\Autoloader->loadClass('App\\Models\\Ifunction')
 5 SYSTEMPATH\CodeIgniter.php(914): App\Controllers\Main->__construct()
 6 SYSTEMPATH\CodeIgniter.php(493): CodeIgniter\CodeIgniter->createController()
 7 SYSTEMPATH\CodeIgniter.php(361): CodeIgniter\CodeIgniter->handleRequest(null, Object(Config\Cache), false)
 8 FCPATH\index.php(79): CodeIgniter\CodeIgniter->run()
 9 SYSTEMPATH\Commands\Server\rewrite.php(47): require_once('E:\\WEB\\LARAGON\\www\\sabilulungan-ci4\\public\\index.php')
INFO - 2024-01-06 05:38:00 --> Session: Class initialized using 'CodeIgniter\Session\Handlers\FileHandler' driver.
WARNING - 2024-01-06 05:38:00 --> [DEPRECATED] Optional parameter $p declared before required parameter $num_record is implicitly treated as a required parameter in APPPATH\Models\Ifunction.php on line 206.
 1 SYSTEMPATH\Autoloader\Autoloader.php(312): include_once('E:\\WEB\\LARAGON\\www\\sabilulungan-ci4\\vendor\\codeigniter4\\framework\\system\\Debug\\Exceptions.php')
 2 SYSTEMPATH\Autoloader\Autoloader.php(291): CodeIgniter\Autoloader\Autoloader->includeFile('E:\\WEB\\LARAGON\\www\\sabilulungan-ci4\\app\\Models\\Ifunction.php')
 3 SYSTEMPATH\Autoloader\Autoloader.php(269): CodeIgniter\Autoloader\Autoloader->loadInNamespace('App\\Models\\Ifunction')
 4 APPPATH\Controllers\Main.php(19): CodeIgniter\Autoloader\Autoloader->loadClass('App\\Models\\Ifunction')
 5 SYSTEMPATH\CodeIgniter.php(914): App\Controllers\Main->__construct()
 6 SYSTEMPATH\CodeIgniter.php(493): CodeIgniter\CodeIgniter->createController()
 7 SYSTEMPATH\CodeIgniter.php(361): CodeIgniter\CodeIgniter->handleRequest(null, Object(Config\Cache), false)
 8 FCPATH\index.php(79): CodeIgniter\CodeIgniter->run()
 9 SYSTEMPATH\Commands\Server\rewrite.php(47): require_once('E:\\WEB\\LARAGON\\www\\sabilulungan-ci4\\public\\index.php')
INFO - 2024-01-06 05:38:38 --> Session: Class initialized using 'CodeIgniter\Session\Handlers\FileHandler' driver.
WARNING - 2024-01-06 05:38:38 --> [DEPRECATED] Optional parameter $p declared before required parameter $num_record is implicitly treated as a required parameter in APPPATH\Models\Ifunction.php on line 206.
 1 SYSTEMPATH\Autoloader\Autoloader.php(312): include_once('E:\\WEB\\LARAGON\\www\\sabilulungan-ci4\\vendor\\codeigniter4\\framework\\system\\Debug\\Exceptions.php')
 2 SYSTEMPATH\Autoloader\Autoloader.php(291): CodeIgniter\Autoloader\Autoloader->includeFile('E:\\WEB\\LARAGON\\www\\sabilulungan-ci4\\app\\Models\\Ifunction.php')
 3 SYSTEMPATH\Autoloader\Autoloader.php(269): CodeIgniter\Autoloader\Autoloader->loadInNamespace('App\\Models\\Ifunction')
 4 APPPATH\Controllers\Main.php(19): CodeIgniter\Autoloader\Autoloader->loadClass('App\\Models\\Ifunction')
 5 SYSTEMPATH\CodeIgniter.php(914): App\Controllers\Main->__construct()
 6 SYSTEMPATH\CodeIgniter.php(493): CodeIgniter\CodeIgniter->createController()
 7 SYSTEMPATH\CodeIgniter.php(361): CodeIgniter\CodeIgniter->handleRequest(null, Object(Config\Cache), false)
 8 FCPATH\index.php(79): CodeIgniter\CodeIgniter->run()
 9 SYSTEMPATH\Commands\Server\rewrite.php(47): require_once('E:\\WEB\\LARAGON\\www\\sabilulungan-ci4\\public\\index.php')
INFO - 2024-01-06 05:39:37 --> Session: Class initialized using 'CodeIgniter\Session\Handlers\FileHandler' driver.
WARNING - 2024-01-06 05:39:37 --> [DEPRECATED] Optional parameter $p declared before required parameter $num_record is implicitly treated as a required parameter in APPPATH\Models\Ifunction.php on line 206.
 1 SYSTEMPATH\Autoloader\Autoloader.php(312): include_once('E:\\WEB\\LARAGON\\www\\sabilulungan-ci4\\vendor\\codeigniter4\\framework\\system\\Debug\\Exceptions.php')
 2 SYSTEMPATH\Autoloader\Autoloader.php(291): CodeIgniter\Autoloader\Autoloader->includeFile('E:\\WEB\\LARAGON\\www\\sabilulungan-ci4\\app\\Models\\Ifunction.php')
 3 SYSTEMPATH\Autoloader\Autoloader.php(269): CodeIgniter\Autoloader\Autoloader->loadInNamespace('App\\Models\\Ifunction')
 4 APPPATH\Controllers\Main.php(19): CodeIgniter\Autoloader\Autoloader->loadClass('App\\Models\\Ifunction')
 5 SYSTEMPATH\CodeIgniter.php(914): App\Controllers\Main->__construct()
 6 SYSTEMPATH\CodeIgniter.php(493): CodeIgniter\CodeIgniter->createController()
 7 SYSTEMPATH\CodeIgniter.php(361): CodeIgniter\CodeIgniter->handleRequest(null, Object(Config\Cache), false)
 8 FCPATH\index.php(79): CodeIgniter\CodeIgniter->run()
 9 SYSTEMPATH\Commands\Server\rewrite.php(47): require_once('E:\\WEB\\LARAGON\\www\\sabilulungan-ci4\\public\\index.php')
INFO - 2024-01-06 05:43:52 --> Session: Class initialized using 'CodeIgniter\Session\Handlers\FileHandler' driver.
WARNING - 2024-01-06 05:43:52 --> [DEPRECATED] Optional parameter $p declared before required parameter $num_record is implicitly treated as a required parameter in APPPATH\Models\Ifunction.php on line 206.
 1 SYSTEMPATH\Autoloader\Autoloader.php(312): include_once('E:\\WEB\\LARAGON\\www\\sabilulungan-ci4\\vendor\\codeigniter4\\framework\\system\\Debug\\Exceptions.php')
 2 SYSTEMPATH\Autoloader\Autoloader.php(291): CodeIgniter\Autoloader\Autoloader->includeFile('E:\\WEB\\LARAGON\\www\\sabilulungan-ci4\\app\\Models\\Ifunction.php')
 3 SYSTEMPATH\Autoloader\Autoloader.php(269): CodeIgniter\Autoloader\Autoloader->loadInNamespace('App\\Models\\Ifunction')
 4 APPPATH\Controllers\Main.php(19): CodeIgniter\Autoloader\Autoloader->loadClass('App\\Models\\Ifunction')
 5 SYSTEMPATH\CodeIgniter.php(914): App\Controllers\Main->__construct()
 6 SYSTEMPATH\CodeIgniter.php(493): CodeIgniter\CodeIgniter->createController()
 7 SYSTEMPATH\CodeIgniter.php(361): CodeIgniter\CodeIgniter->handleRequest(null, Object(Config\Cache), false)
 8 FCPATH\index.php(79): CodeIgniter\CodeIgniter->run()
 9 SYSTEMPATH\Commands\Server\rewrite.php(47): require_once('E:\\WEB\\LARAGON\\www\\sabilulungan-ci4\\public\\index.php')
INFO - 2024-01-06 05:44:18 --> Session: Class initialized using 'CodeIgniter\Session\Handlers\FileHandler' driver.
WARNING - 2024-01-06 05:44:18 --> [DEPRECATED] Optional parameter $p declared before required parameter $num_record is implicitly treated as a required parameter in APPPATH\Models\Ifunction.php on line 206.
 1 SYSTEMPATH\Autoloader\Autoloader.php(312): include_once('E:\\WEB\\LARAGON\\www\\sabilulungan-ci4\\vendor\\codeigniter4\\framework\\system\\Debug\\Exceptions.php')
 2 SYSTEMPATH\Autoloader\Autoloader.php(291): CodeIgniter\Autoloader\Autoloader->includeFile('E:\\WEB\\LARAGON\\www\\sabilulungan-ci4\\app\\Models\\Ifunction.php')
 3 SYSTEMPATH\Autoloader\Autoloader.php(269): CodeIgniter\Autoloader\Autoloader->loadInNamespace('App\\Models\\Ifunction')
 4 APPPATH\Controllers\Main.php(19): CodeIgniter\Autoloader\Autoloader->loadClass('App\\Models\\Ifunction')
 5 SYSTEMPATH\CodeIgniter.php(914): App\Controllers\Main->__construct()
 6 SYSTEMPATH\CodeIgniter.php(493): CodeIgniter\CodeIgniter->createController()
 7 SYSTEMPATH\CodeIgniter.php(361): CodeIgniter\CodeIgniter->handleRequest(null, Object(Config\Cache), false)
 8 FCPATH\index.php(79): CodeIgniter\CodeIgniter->run()
 9 SYSTEMPATH\Commands\Server\rewrite.php(47): require_once('E:\\WEB\\LARAGON\\www\\sabilulungan-ci4\\public\\index.php')
INFO - 2024-01-06 05:46:51 --> Session: Class initialized using 'CodeIgniter\Session\Handlers\FileHandler' driver.
WARNING - 2024-01-06 05:46:51 --> [DEPRECATED] Optional parameter $p declared before required parameter $num_record is implicitly treated as a required parameter in APPPATH\Models\Ifunction.php on line 206.
 1 SYSTEMPATH\Autoloader\Autoloader.php(312): include_once('E:\\WEB\\LARAGON\\www\\sabilulungan-ci4\\vendor\\codeigniter4\\framework\\system\\Debug\\Exceptions.php')
 2 SYSTEMPATH\Autoloader\Autoloader.php(291): CodeIgniter\Autoloader\Autoloader->includeFile('E:\\WEB\\LARAGON\\www\\sabilulungan-ci4\\app\\Models\\Ifunction.php')
 3 SYSTEMPATH\Autoloader\Autoloader.php(269): CodeIgniter\Autoloader\Autoloader->loadInNamespace('App\\Models\\Ifunction')
 4 APPPATH\Controllers\Main.php(19): CodeIgniter\Autoloader\Autoloader->loadClass('App\\Models\\Ifunction')
 5 SYSTEMPATH\CodeIgniter.php(914): App\Controllers\Main->__construct()
 6 SYSTEMPATH\CodeIgniter.php(493): CodeIgniter\CodeIgniter->createController()
 7 SYSTEMPATH\CodeIgniter.php(361): CodeIgniter\CodeIgniter->handleRequest(null, Object(Config\Cache), false)
 8 FCPATH\index.php(79): CodeIgniter\CodeIgniter->run()
 9 SYSTEMPATH\Commands\Server\rewrite.php(47): require_once('E:\\WEB\\LARAGON\\www\\sabilulungan-ci4\\public\\index.php')
INFO - 2024-01-06 05:47:35 --> Session: Class initialized using 'CodeIgniter\Session\Handlers\FileHandler' driver.
WARNING - 2024-01-06 05:47:35 --> [DEPRECATED] Optional parameter $p declared before required parameter $num_record is implicitly treated as a required parameter in APPPATH\Models\Ifunction.php on line 206.
 1 SYSTEMPATH\Autoloader\Autoloader.php(312): include_once('E:\\WEB\\LARAGON\\www\\sabilulungan-ci4\\vendor\\codeigniter4\\framework\\system\\Debug\\Exceptions.php')
 2 SYSTEMPATH\Autoloader\Autoloader.php(291): CodeIgniter\Autoloader\Autoloader->includeFile('E:\\WEB\\LARAGON\\www\\sabilulungan-ci4\\app\\Models\\Ifunction.php')
 3 SYSTEMPATH\Autoloader\Autoloader.php(269): CodeIgniter\Autoloader\Autoloader->loadInNamespace('App\\Models\\Ifunction')
 4 APPPATH\Controllers\Main.php(19): CodeIgniter\Autoloader\Autoloader->loadClass('App\\Models\\Ifunction')
 5 SYSTEMPATH\CodeIgniter.php(914): App\Controllers\Main->__construct()
 6 SYSTEMPATH\CodeIgniter.php(493): CodeIgniter\CodeIgniter->createController()
 7 SYSTEMPATH\CodeIgniter.php(361): CodeIgniter\CodeIgniter->handleRequest(null, Object(Config\Cache), false)
 8 FCPATH\index.php(79): CodeIgniter\CodeIgniter->run()
 9 SYSTEMPATH\Commands\Server\rewrite.php(47): require_once('E:\\WEB\\LARAGON\\www\\sabilulungan-ci4\\public\\index.php')
INFO - 2024-01-06 05:47:58 --> Session: Class initialized using 'CodeIgniter\Session\Handlers\FileHandler' driver.
WARNING - 2024-01-06 05:47:58 --> [DEPRECATED] Optional parameter $p declared before required parameter $num_record is implicitly treated as a required parameter in APPPATH\Models\Ifunction.php on line 206.
 1 SYSTEMPATH\Autoloader\Autoloader.php(312): include_once('E:\\WEB\\LARAGON\\www\\sabilulungan-ci4\\vendor\\codeigniter4\\framework\\system\\Debug\\Exceptions.php')
 2 SYSTEMPATH\Autoloader\Autoloader.php(291): CodeIgniter\Autoloader\Autoloader->includeFile('E:\\WEB\\LARAGON\\www\\sabilulungan-ci4\\app\\Models\\Ifunction.php')
 3 SYSTEMPATH\Autoloader\Autoloader.php(269): CodeIgniter\Autoloader\Autoloader->loadInNamespace('App\\Models\\Ifunction')
 4 APPPATH\Controllers\Main.php(19): CodeIgniter\Autoloader\Autoloader->loadClass('App\\Models\\Ifunction')
 5 SYSTEMPATH\CodeIgniter.php(914): App\Controllers\Main->__construct()
 6 SYSTEMPATH\CodeIgniter.php(493): CodeIgniter\CodeIgniter->createController()
 7 SYSTEMPATH\CodeIgniter.php(361): CodeIgniter\CodeIgniter->handleRequest(null, Object(Config\Cache), false)
 8 FCPATH\index.php(79): CodeIgniter\CodeIgniter->run()
 9 SYSTEMPATH\Commands\Server\rewrite.php(47): require_once('E:\\WEB\\LARAGON\\www\\sabilulungan-ci4\\public\\index.php')
INFO - 2024-01-06 05:48:19 --> Session: Class initialized using 'CodeIgniter\Session\Handlers\FileHandler' driver.
WARNING - 2024-01-06 05:48:19 --> [DEPRECATED] Optional parameter $p declared before required parameter $num_record is implicitly treated as a required parameter in APPPATH\Models\Ifunction.php on line 206.
 1 SYSTEMPATH\Autoloader\Autoloader.php(312): include_once('E:\\WEB\\LARAGON\\www\\sabilulungan-ci4\\vendor\\codeigniter4\\framework\\system\\Debug\\Exceptions.php')
 2 SYSTEMPATH\Autoloader\Autoloader.php(291): CodeIgniter\Autoloader\Autoloader->includeFile('E:\\WEB\\LARAGON\\www\\sabilulungan-ci4\\app\\Models\\Ifunction.php')
 3 SYSTEMPATH\Autoloader\Autoloader.php(269): CodeIgniter\Autoloader\Autoloader->loadInNamespace('App\\Models\\Ifunction')
 4 APPPATH\Controllers\Main.php(19): CodeIgniter\Autoloader\Autoloader->loadClass('App\\Models\\Ifunction')
 5 SYSTEMPATH\CodeIgniter.php(914): App\Controllers\Main->__construct()
 6 SYSTEMPATH\CodeIgniter.php(493): CodeIgniter\CodeIgniter->createController()
 7 SYSTEMPATH\CodeIgniter.php(361): CodeIgniter\CodeIgniter->handleRequest(null, Object(Config\Cache), false)
 8 FCPATH\index.php(79): CodeIgniter\CodeIgniter->run()
 9 SYSTEMPATH\Commands\Server\rewrite.php(47): require_once('E:\\WEB\\LARAGON\\www\\sabilulungan-ci4\\public\\index.php')
INFO - 2024-01-06 05:52:46 --> Session: Class initialized using 'CodeIgniter\Session\Handlers\FileHandler' driver.
WARNING - 2024-01-06 05:52:46 --> [DEPRECATED] Optional parameter $p declared before required parameter $num_record is implicitly treated as a required parameter in APPPATH\Models\Ifunction.php on line 206.
 1 SYSTEMPATH\Autoloader\Autoloader.php(312): include_once('E:\\WEB\\LARAGON\\www\\sabilulungan-ci4\\vendor\\codeigniter4\\framework\\system\\Debug\\Exceptions.php')
 2 SYSTEMPATH\Autoloader\Autoloader.php(291): CodeIgniter\Autoloader\Autoloader->includeFile('E:\\WEB\\LARAGON\\www\\sabilulungan-ci4\\app\\Models\\Ifunction.php')
 3 SYSTEMPATH\Autoloader\Autoloader.php(269): CodeIgniter\Autoloader\Autoloader->loadInNamespace('App\\Models\\Ifunction')
 4 APPPATH\Controllers\Main.php(19): CodeIgniter\Autoloader\Autoloader->loadClass('App\\Models\\Ifunction')
 5 SYSTEMPATH\CodeIgniter.php(914): App\Controllers\Main->__construct()
 6 SYSTEMPATH\CodeIgniter.php(493): CodeIgniter\CodeIgniter->createController()
 7 SYSTEMPATH\CodeIgniter.php(361): CodeIgniter\CodeIgniter->handleRequest(null, Object(Config\Cache), false)
 8 FCPATH\index.php(79): CodeIgniter\CodeIgniter->run()
 9 SYSTEMPATH\Commands\Server\rewrite.php(47): require_once('E:\\WEB\\LARAGON\\www\\sabilulungan-ci4\\public\\index.php')
CRITICAL - 2024-01-06 05:52:47 --> Undefined array key 30
in APPPATH\Views\content\dashboard.php on line 353.
 1 APPPATH\Views\content\dashboard.php(353): CodeIgniter\Debug\Exceptions->errorHandler(2, 'Undefined array key 30', 'E:\\WEB\\LARAGON\\www\\sabilulungan-ci4\\app\\Views\\content\\dashboard.php', 353)
 2 SYSTEMPATH\View\View.php(228): include('E:\\WEB\\LARAGON\\www\\sabilulungan-ci4\\app\\Views\\content\\dashboard.php')
 3 SYSTEMPATH\View\View.php(231): CodeIgniter\View\View->CodeIgniter\View\{closure}()
 4 SYSTEMPATH\Common.php(1190): CodeIgniter\View\View->render('content/dashboard', [], true)
 5 APPPATH\Controllers\Main.php(175): view('content/dashboard', [...])
 6 SYSTEMPATH\CodeIgniter.php(942): App\Controllers\Main->infografis()
 7 SYSTEMPATH\CodeIgniter.php(502): CodeIgniter\CodeIgniter->runController(Object(App\Controllers\Main))
 8 SYSTEMPATH\CodeIgniter.php(361): CodeIgniter\CodeIgniter->handleRequest(null, Object(Config\Cache), false)
 9 FCPATH\index.php(79): CodeIgniter\CodeIgniter->run()
10 SYSTEMPATH\Commands\Server\rewrite.php(47): require_once('E:\\WEB\\LARAGON\\www\\sabilulungan-ci4\\public\\index.php')
INFO - 2024-01-06 05:54:07 --> Session: Class initialized using 'CodeIgniter\Session\Handlers\FileHandler' driver.
WARNING - 2024-01-06 05:54:07 --> [DEPRECATED] Optional parameter $p declared before required parameter $num_record is implicitly treated as a required parameter in APPPATH\Models\Ifunction.php on line 206.
 1 SYSTEMPATH\Autoloader\Autoloader.php(312): include_once('E:\\WEB\\LARAGON\\www\\sabilulungan-ci4\\vendor\\codeigniter4\\framework\\system\\Debug\\Exceptions.php')
 2 SYSTEMPATH\Autoloader\Autoloader.php(291): CodeIgniter\Autoloader\Autoloader->includeFile('E:\\WEB\\LARAGON\\www\\sabilulungan-ci4\\app\\Models\\Ifunction.php')
 3 SYSTEMPATH\Autoloader\Autoloader.php(269): CodeIgniter\Autoloader\Autoloader->loadInNamespace('App\\Models\\Ifunction')
 4 APPPATH\Controllers\Main.php(19): CodeIgniter\Autoloader\Autoloader->loadClass('App\\Models\\Ifunction')
 5 SYSTEMPATH\CodeIgniter.php(914): App\Controllers\Main->__construct()
 6 SYSTEMPATH\CodeIgniter.php(493): CodeIgniter\CodeIgniter->createController()
 7 SYSTEMPATH\CodeIgniter.php(361): CodeIgniter\CodeIgniter->handleRequest(null, Object(Config\Cache), false)
 8 FCPATH\index.php(79): CodeIgniter\CodeIgniter->run()
 9 SYSTEMPATH\Commands\Server\rewrite.php(47): require_once('E:\\WEB\\LARAGON\\www\\sabilulungan-ci4\\public\\index.php')
INFO - 2024-01-06 06:03:45 --> Session: Class initialized using 'CodeIgniter\Session\Handlers\FileHandler' driver.
WARNING - 2024-01-06 06:03:45 --> [DEPRECATED] Optional parameter $p declared before required parameter $num_record is implicitly treated as a required parameter in APPPATH\Models\Ifunction.php on line 206.
 1 SYSTEMPATH\Autoloader\Autoloader.php(312): include_once('E:\\WEB\\LARAGON\\www\\sabilulungan-ci4\\vendor\\codeigniter4\\framework\\system\\Debug\\Exceptions.php')
 2 SYSTEMPATH\Autoloader\Autoloader.php(291): CodeIgniter\Autoloader\Autoloader->includeFile('E:\\WEB\\LARAGON\\www\\sabilulungan-ci4\\app\\Models\\Ifunction.php')
 3 SYSTEMPATH\Autoloader\Autoloader.php(269): CodeIgniter\Autoloader\Autoloader->loadInNamespace('App\\Models\\Ifunction')
 4 APPPATH\Controllers\Main.php(19): CodeIgniter\Autoloader\Autoloader->loadClass('App\\Models\\Ifunction')
 5 SYSTEMPATH\CodeIgniter.php(914): App\Controllers\Main->__construct()
 6 SYSTEMPATH\CodeIgniter.php(493): CodeIgniter\CodeIgniter->createController()
 7 SYSTEMPATH\CodeIgniter.php(361): CodeIgniter\CodeIgniter->handleRequest(null, Object(Config\Cache), false)
 8 FCPATH\index.php(79): CodeIgniter\CodeIgniter->run()
 9 SYSTEMPATH\Commands\Server\rewrite.php(47): require_once('E:\\WEB\\LARAGON\\www\\sabilulungan-ci4\\public\\index.php')
CRITICAL - 2024-01-06 06:03:45 --> Undefined array key 0
in APPPATH\Controllers\Main.php on line 178.
 1 APPPATH\Controllers\Main.php(178): CodeIgniter\Debug\Exceptions->errorHandler(2, 'Undefined array key 0', 'E:\\WEB\\LARAGON\\www\\sabilulungan-ci4\\app\\Controllers\\Main.php', 178)
 2 SYSTEMPATH\CodeIgniter.php(942): App\Controllers\Main->infografis()
 3 SYSTEMPATH\CodeIgniter.php(502): CodeIgniter\CodeIgniter->runController(Object(App\Controllers\Main))
 4 SYSTEMPATH\CodeIgniter.php(361): CodeIgniter\CodeIgniter->handleRequest(null, Object(Config\Cache), false)
 5 FCPATH\index.php(79): CodeIgniter\CodeIgniter->run()
 6 SYSTEMPATH\Commands\Server\rewrite.php(47): require_once('E:\\WEB\\LARAGON\\www\\sabilulungan-ci4\\public\\index.php')
INFO - 2024-01-06 06:04:52 --> Session: Class initialized using 'CodeIgniter\Session\Handlers\FileHandler' driver.
WARNING - 2024-01-06 06:04:52 --> [DEPRECATED] Optional parameter $p declared before required parameter $num_record is implicitly treated as a required parameter in APPPATH\Models\Ifunction.php on line 206.
 1 SYSTEMPATH\Autoloader\Autoloader.php(312): include_once('E:\\WEB\\LARAGON\\www\\sabilulungan-ci4\\vendor\\codeigniter4\\framework\\system\\Debug\\Exceptions.php')
 2 SYSTEMPATH\Autoloader\Autoloader.php(291): CodeIgniter\Autoloader\Autoloader->includeFile('E:\\WEB\\LARAGON\\www\\sabilulungan-ci4\\app\\Models\\Ifunction.php')
 3 SYSTEMPATH\Autoloader\Autoloader.php(269): CodeIgniter\Autoloader\Autoloader->loadInNamespace('App\\Models\\Ifunction')
 4 APPPATH\Controllers\Main.php(19): CodeIgniter\Autoloader\Autoloader->loadClass('App\\Models\\Ifunction')
 5 SYSTEMPATH\CodeIgniter.php(914): App\Controllers\Main->__construct()
 6 SYSTEMPATH\CodeIgniter.php(493): CodeIgniter\CodeIgniter->createController()
 7 SYSTEMPATH\CodeIgniter.php(361): CodeIgniter\CodeIgniter->handleRequest(null, Object(Config\Cache), false)
 8 FCPATH\index.php(79): CodeIgniter\CodeIgniter->run()
 9 SYSTEMPATH\Commands\Server\rewrite.php(47): require_once('E:\\WEB\\LARAGON\\www\\sabilulungan-ci4\\public\\index.php')
INFO - 2024-01-06 06:08:21 --> Session: Class initialized using 'CodeIgniter\Session\Handlers\FileHandler' driver.
WARNING - 2024-01-06 06:08:21 --> [DEPRECATED] Optional parameter $p declared before required parameter $num_record is implicitly treated as a required parameter in APPPATH\Models\Ifunction.php on line 206.
 1 SYSTEMPATH\Autoloader\Autoloader.php(312): include_once('E:\\WEB\\LARAGON\\www\\sabilulungan-ci4\\vendor\\codeigniter4\\framework\\system\\Debug\\Exceptions.php')
 2 SYSTEMPATH\Autoloader\Autoloader.php(291): CodeIgniter\Autoloader\Autoloader->includeFile('E:\\WEB\\LARAGON\\www\\sabilulungan-ci4\\app\\Models\\Ifunction.php')
 3 SYSTEMPATH\Autoloader\Autoloader.php(269): CodeIgniter\Autoloader\Autoloader->loadInNamespace('App\\Models\\Ifunction')
 4 APPPATH\Controllers\Main.php(19): CodeIgniter\Autoloader\Autoloader->loadClass('App\\Models\\Ifunction')
 5 SYSTEMPATH\CodeIgniter.php(914): App\Controllers\Main->__construct()
 6 SYSTEMPATH\CodeIgniter.php(493): CodeIgniter\CodeIgniter->createController()
 7 SYSTEMPATH\CodeIgniter.php(361): CodeIgniter\CodeIgniter->handleRequest(null, Object(Config\Cache), false)
 8 FCPATH\index.php(79): CodeIgniter\CodeIgniter->run()
 9 SYSTEMPATH\Commands\Server\rewrite.php(47): require_once('E:\\WEB\\LARAGON\\www\\sabilulungan-ci4\\public\\index.php')
INFO - 2024-01-06 06:16:08 --> Session: Class initialized using 'CodeIgniter\Session\Handlers\FileHandler' driver.
WARNING - 2024-01-06 06:16:08 --> [DEPRECATED] Optional parameter $p declared before required parameter $num_record is implicitly treated as a required parameter in APPPATH\Models\Ifunction.php on line 206.
 1 SYSTEMPATH\Autoloader\Autoloader.php(312): include_once('E:\\WEB\\LARAGON\\www\\sabilulungan-ci4\\vendor\\codeigniter4\\framework\\system\\Debug\\Exceptions.php')
 2 SYSTEMPATH\Autoloader\Autoloader.php(291): CodeIgniter\Autoloader\Autoloader->includeFile('E:\\WEB\\LARAGON\\www\\sabilulungan-ci4\\app\\Models\\Ifunction.php')
 3 SYSTEMPATH\Autoloader\Autoloader.php(269): CodeIgniter\Autoloader\Autoloader->loadInNamespace('App\\Models\\Ifunction')
 4 APPPATH\Controllers\Main.php(19): CodeIgniter\Autoloader\Autoloader->loadClass('App\\Models\\Ifunction')
 5 SYSTEMPATH\CodeIgniter.php(914): App\Controllers\Main->__construct()
 6 SYSTEMPATH\CodeIgniter.php(493): CodeIgniter\CodeIgniter->createController()
 7 SYSTEMPATH\CodeIgniter.php(361): CodeIgniter\CodeIgniter->handleRequest(null, Object(Config\Cache), false)
 8 FCPATH\index.php(79): CodeIgniter\CodeIgniter->run()
 9 SYSTEMPATH\Commands\Server\rewrite.php(47): require_once('E:\\WEB\\LARAGON\\www\\sabilulungan-ci4\\public\\index.php')
CRITICAL - 2024-01-06 06:16:08 --> Undefined variable $x
in APPPATH\Views\content\dashboard.php on line 266.
 1 APPPATH\Views\content\dashboard.php(266): CodeIgniter\Debug\Exceptions->errorHandler(2, 'Undefined variable $x', 'E:\\WEB\\LARAGON\\www\\sabilulungan-ci4\\app\\Views\\content\\dashboard.php', 266)
 2 SYSTEMPATH\View\View.php(228): include('E:\\WEB\\LARAGON\\www\\sabilulungan-ci4\\app\\Views\\content\\dashboard.php')
 3 SYSTEMPATH\View\View.php(231): CodeIgniter\View\View->CodeIgniter\View\{closure}()
 4 SYSTEMPATH\Common.php(1190): CodeIgniter\View\View->render('content/dashboard', [], true)
 5 APPPATH\Controllers\Main.php(233): view('content/dashboard', [...])
 6 SYSTEMPATH\CodeIgniter.php(942): App\Controllers\Main->infografis()
 7 SYSTEMPATH\CodeIgniter.php(502): CodeIgniter\CodeIgniter->runController(Object(App\Controllers\Main))
 8 SYSTEMPATH\CodeIgniter.php(361): CodeIgniter\CodeIgniter->handleRequest(null, Object(Config\Cache), false)
 9 FCPATH\index.php(79): CodeIgniter\CodeIgniter->run()
10 SYSTEMPATH\Commands\Server\rewrite.php(47): require_once('E:\\WEB\\LARAGON\\www\\sabilulungan-ci4\\public\\index.php')
INFO - 2024-01-06 06:16:36 --> Session: Class initialized using 'CodeIgniter\Session\Handlers\FileHandler' driver.
WARNING - 2024-01-06 06:16:36 --> [DEPRECATED] Optional parameter $p declared before required parameter $num_record is implicitly treated as a required parameter in APPPATH\Models\Ifunction.php on line 206.
 1 SYSTEMPATH\Autoloader\Autoloader.php(312): include_once('E:\\WEB\\LARAGON\\www\\sabilulungan-ci4\\vendor\\codeigniter4\\framework\\system\\Debug\\Exceptions.php')
 2 SYSTEMPATH\Autoloader\Autoloader.php(291): CodeIgniter\Autoloader\Autoloader->includeFile('E:\\WEB\\LARAGON\\www\\sabilulungan-ci4\\app\\Models\\Ifunction.php')
 3 SYSTEMPATH\Autoloader\Autoloader.php(269): CodeIgniter\Autoloader\Autoloader->loadInNamespace('App\\Models\\Ifunction')
 4 APPPATH\Controllers\Main.php(19): CodeIgniter\Autoloader\Autoloader->loadClass('App\\Models\\Ifunction')
 5 SYSTEMPATH\CodeIgniter.php(914): App\Controllers\Main->__construct()
 6 SYSTEMPATH\CodeIgniter.php(493): CodeIgniter\CodeIgniter->createController()
 7 SYSTEMPATH\CodeIgniter.php(361): CodeIgniter\CodeIgniter->handleRequest(null, Object(Config\Cache), false)
 8 FCPATH\index.php(79): CodeIgniter\CodeIgniter->run()
 9 SYSTEMPATH\Commands\Server\rewrite.php(47): require_once('E:\\WEB\\LARAGON\\www\\sabilulungan-ci4\\public\\index.php')
INFO - 2024-01-06 06:16:48 --> Session: Class initialized using 'CodeIgniter\Session\Handlers\FileHandler' driver.
WARNING - 2024-01-06 06:16:48 --> [DEPRECATED] Optional parameter $p declared before required parameter $num_record is implicitly treated as a required parameter in APPPATH\Models\Ifunction.php on line 206.
 1 SYSTEMPATH\Autoloader\Autoloader.php(312): include_once('E:\\WEB\\LARAGON\\www\\sabilulungan-ci4\\vendor\\codeigniter4\\framework\\system\\Debug\\Exceptions.php')
 2 SYSTEMPATH\Autoloader\Autoloader.php(291): CodeIgniter\Autoloader\Autoloader->includeFile('E:\\WEB\\LARAGON\\www\\sabilulungan-ci4\\app\\Models\\Ifunction.php')
 3 SYSTEMPATH\Autoloader\Autoloader.php(269): CodeIgniter\Autoloader\Autoloader->loadInNamespace('App\\Models\\Ifunction')
 4 APPPATH\Controllers\Main.php(19): CodeIgniter\Autoloader\Autoloader->loadClass('App\\Models\\Ifunction')
 5 SYSTEMPATH\CodeIgniter.php(914): App\Controllers\Main->__construct()
 6 SYSTEMPATH\CodeIgniter.php(493): CodeIgniter\CodeIgniter->createController()
 7 SYSTEMPATH\CodeIgniter.php(361): CodeIgniter\CodeIgniter->handleRequest(null, Object(Config\Cache), false)
 8 FCPATH\index.php(79): CodeIgniter\CodeIgniter->run()
 9 SYSTEMPATH\Commands\Server\rewrite.php(47): require_once('E:\\WEB\\LARAGON\\www\\sabilulungan-ci4\\public\\index.php')
INFO - 2024-01-06 06:17:24 --> Session: Class initialized using 'CodeIgniter\Session\Handlers\FileHandler' driver.
WARNING - 2024-01-06 06:17:24 --> [DEPRECATED] Optional parameter $p declared before required parameter $num_record is implicitly treated as a required parameter in APPPATH\Models\Ifunction.php on line 206.
 1 SYSTEMPATH\Autoloader\Autoloader.php(312): include_once('E:\\WEB\\LARAGON\\www\\sabilulungan-ci4\\vendor\\codeigniter4\\framework\\system\\Debug\\Exceptions.php')
 2 SYSTEMPATH\Autoloader\Autoloader.php(291): CodeIgniter\Autoloader\Autoloader->includeFile('E:\\WEB\\LARAGON\\www\\sabilulungan-ci4\\app\\Models\\Ifunction.php')
 3 SYSTEMPATH\Autoloader\Autoloader.php(269): CodeIgniter\Autoloader\Autoloader->loadInNamespace('App\\Models\\Ifunction')
 4 APPPATH\Controllers\Main.php(19): CodeIgniter\Autoloader\Autoloader->loadClass('App\\Models\\Ifunction')
 5 SYSTEMPATH\CodeIgniter.php(914): App\Controllers\Main->__construct()
 6 SYSTEMPATH\CodeIgniter.php(493): CodeIgniter\CodeIgniter->createController()
 7 SYSTEMPATH\CodeIgniter.php(361): CodeIgniter\CodeIgniter->handleRequest(null, Object(Config\Cache), false)
 8 FCPATH\index.php(79): CodeIgniter\CodeIgniter->run()
 9 SYSTEMPATH\Commands\Server\rewrite.php(47): require_once('E:\\WEB\\LARAGON\\www\\sabilulungan-ci4\\public\\index.php')
INFO - 2024-01-06 06:17:38 --> Session: Class initialized using 'CodeIgniter\Session\Handlers\FileHandler' driver.
WARNING - 2024-01-06 06:17:38 --> [DEPRECATED] Optional parameter $p declared before required parameter $num_record is implicitly treated as a required parameter in APPPATH\Models\Ifunction.php on line 206.
 1 SYSTEMPATH\Autoloader\Autoloader.php(312): include_once('E:\\WEB\\LARAGON\\www\\sabilulungan-ci4\\vendor\\codeigniter4\\framework\\system\\Debug\\Exceptions.php')
 2 SYSTEMPATH\Autoloader\Autoloader.php(291): CodeIgniter\Autoloader\Autoloader->includeFile('E:\\WEB\\LARAGON\\www\\sabilulungan-ci4\\app\\Models\\Ifunction.php')
 3 SYSTEMPATH\Autoloader\Autoloader.php(269): CodeIgniter\Autoloader\Autoloader->loadInNamespace('App\\Models\\Ifunction')
 4 APPPATH\Controllers\Main.php(19): CodeIgniter\Autoloader\Autoloader->loadClass('App\\Models\\Ifunction')
 5 SYSTEMPATH\CodeIgniter.php(914): App\Controllers\Main->__construct()
 6 SYSTEMPATH\CodeIgniter.php(493): CodeIgniter\CodeIgniter->createController()
 7 SYSTEMPATH\CodeIgniter.php(361): CodeIgniter\CodeIgniter->handleRequest(null, Object(Config\Cache), false)
 8 FCPATH\index.php(79): CodeIgniter\CodeIgniter->run()
 9 SYSTEMPATH\Commands\Server\rewrite.php(47): require_once('E:\\WEB\\LARAGON\\www\\sabilulungan-ci4\\public\\index.php')
INFO - 2024-01-06 06:17:52 --> Session: Class initialized using 'CodeIgniter\Session\Handlers\FileHandler' driver.
WARNING - 2024-01-06 06:17:52 --> [DEPRECATED] Optional parameter $p declared before required parameter $num_record is implicitly treated as a required parameter in APPPATH\Models\Ifunction.php on line 206.
 1 SYSTEMPATH\Autoloader\Autoloader.php(312): include_once('E:\\WEB\\LARAGON\\www\\sabilulungan-ci4\\vendor\\codeigniter4\\framework\\system\\Debug\\Exceptions.php')
 2 SYSTEMPATH\Autoloader\Autoloader.php(291): CodeIgniter\Autoloader\Autoloader->includeFile('E:\\WEB\\LARAGON\\www\\sabilulungan-ci4\\app\\Models\\Ifunction.php')
 3 SYSTEMPATH\Autoloader\Autoloader.php(269): CodeIgniter\Autoloader\Autoloader->loadInNamespace('App\\Models\\Ifunction')
 4 APPPATH\Controllers\Main.php(19): CodeIgniter\Autoloader\Autoloader->loadClass('App\\Models\\Ifunction')
 5 SYSTEMPATH\CodeIgniter.php(914): App\Controllers\Main->__construct()
 6 SYSTEMPATH\CodeIgniter.php(493): CodeIgniter\CodeIgniter->createController()
 7 SYSTEMPATH\CodeIgniter.php(361): CodeIgniter\CodeIgniter->handleRequest(null, Object(Config\Cache), false)
 8 FCPATH\index.php(79): CodeIgniter\CodeIgniter->run()
 9 SYSTEMPATH\Commands\Server\rewrite.php(47): require_once('E:\\WEB\\LARAGON\\www\\sabilulungan-ci4\\public\\index.php')
WARNING - 2024-01-06 06:17:52 --> [DEPRECATED] number_format(): Passing null to parameter #1 ($num) of type float is deprecated in APPPATH\Views\content\detail.php on line 735.
 1 APPPATH\Views\content\detail.php(735): number_format(null, 0, ',', '.')
 2 SYSTEMPATH\View\View.php(228): include('E:\\WEB\\LARAGON\\www\\sabilulungan-ci4\\app\\Views\\content\\detail.php')
 3 SYSTEMPATH\View\View.php(231): CodeIgniter\View\View->CodeIgniter\View\{closure}()
 4 SYSTEMPATH\Common.php(1190): CodeIgniter\View\View->render('content/detail', [], true)
 5 APPPATH\Controllers\Main.php(55): view('content/detail', [...])
 6 SYSTEMPATH\CodeIgniter.php(942): App\Controllers\Main->detail('28')
 7 SYSTEMPATH\CodeIgniter.php(502): CodeIgniter\CodeIgniter->runController(Object(App\Controllers\Main))
 8 SYSTEMPATH\CodeIgniter.php(361): CodeIgniter\CodeIgniter->handleRequest(null, Object(Config\Cache), false)
 9 FCPATH\index.php(79): CodeIgniter\CodeIgniter->run()
10 SYSTEMPATH\Commands\Server\rewrite.php(47): require_once('E:\\WEB\\LARAGON\\www\\sabilulungan-ci4\\public\\index.php')
WARNING - 2024-01-06 06:17:52 --> [DEPRECATED] number_format(): Passing null to parameter #1 ($num) of type float is deprecated in APPPATH\Views\content\detail.php on line 744.
 1 APPPATH\Views\content\detail.php(744): number_format(null, 0, ',', '.')
 2 SYSTEMPATH\View\View.php(228): include('E:\\WEB\\LARAGON\\www\\sabilulungan-ci4\\app\\Views\\content\\detail.php')
 3 SYSTEMPATH\View\View.php(231): CodeIgniter\View\View->CodeIgniter\View\{closure}()
 4 SYSTEMPATH\Common.php(1190): CodeIgniter\View\View->render('content/detail', [], true)
 5 APPPATH\Controllers\Main.php(55): view('content/detail', [...])
 6 SYSTEMPATH\CodeIgniter.php(942): App\Controllers\Main->detail('28')
 7 SYSTEMPATH\CodeIgniter.php(502): CodeIgniter\CodeIgniter->runController(Object(App\Controllers\Main))
 8 SYSTEMPATH\CodeIgniter.php(361): CodeIgniter\CodeIgniter->handleRequest(null, Object(Config\Cache), false)
 9 FCPATH\index.php(79): CodeIgniter\CodeIgniter->run()
10 SYSTEMPATH\Commands\Server\rewrite.php(47): require_once('E:\\WEB\\LARAGON\\www\\sabilulungan-ci4\\public\\index.php')
